<?xml version="1.0" encoding="UTF-8"?>
<testng-results ignored="0" total="1" passed="1" failed="0" skipped="0">
  <reporter-output>
  </reporter-output>
  <suite started-at="2024-12-15T01:24:40 CET" name="Default suite" finished-at="2024-12-15T01:24:48 CET" duration-ms="8063">
    <groups>
    </groups>
    <test started-at="2024-12-15T01:24:40 CET" name="Default test" finished-at="2024-12-15T01:24:48 CET" duration-ms="8063">
      <class name="testCases.tc001_LoginToOrangeHRM">
        <test-method is-config="true" signature="setup()[pri:0, instance:testCases.tc001_LoginToOrangeHRM@247bddad]" started-at="2024-12-15T01:24:40 CET" name="setup" finished-at="2024-12-15T01:24:46 CET" duration-ms="5846" status="PASS">
          <reporter-output>
          </reporter-output>
        </test-method> <!-- setup -->
        <test-method signature="Verify_login_to_OrangeHRM()[pri:0, instance:testCases.tc001_LoginToOrangeHRM@247bddad]" started-at="2024-12-15T01:24:46 CET" name="Verify_login_to_OrangeHRM" finished-at="2024-12-15T01:24:48 CET" duration-ms="1826" status="PASS">
          <reporter-output>
          </reporter-output>
        </test-method> <!-- Verify_login_to_OrangeHRM -->
        <test-method is-config="true" signature="teardown()[pri:0, instance:testCases.tc001_LoginToOrangeHRM@247bddad]" started-at="2024-12-15T01:24:48 CET" name="teardown" finished-at="2024-12-15T01:24:48 CET" duration-ms="294" status="PASS">
          <reporter-output>
          </reporter-output>
        </test-method> <!-- teardown -->
      </class> <!-- testCases.tc001_LoginToOrangeHRM -->
    </test> <!-- Default test -->
  </suite> <!-- Default suite -->
</testng-results>
